{"C:\\Users\\Travis\\Desktop\\take_home\\api\\server.js": {"path":"C:\\Users\\Travis\\Desktop\\take_home\\api\\server.js","statementMap":{"0":{"start":{"line":1,"column":16},"end":{"line":1,"column":34}},"1":{"start":{"line":2,"column":12},"end":{"line":2,"column":21}},"2":{"start":{"line":4,"column":12},"end":{"line":4,"column":33}},"3":{"start":{"line":5,"column":11},"end":{"line":5,"column":24}},"4":{"start":{"line":7,"column":14},"end":{"line":7,"column":16}},"5":{"start":{"line":8,"column":22},"end":{"line":8,"column":24}},"6":{"start":{"line":9,"column":17},"end":{"line":9,"column":33}},"7":{"start":{"line":12,"column":16},"end":{"line":28,"column":1}},"8":{"start":{"line":17,"column":2},"end":{"line":25,"column":7}},"9":{"start":{"line":20,"column":6},"end":{"line":20,"column":21}},"10":{"start":{"line":24,"column":6},"end":{"line":24,"column":23}},"11":{"start":{"line":27,"column":2},"end":{"line":27,"column":13}},"12":{"start":{"line":32,"column":2},"end":{"line":34,"column":3}},"13":{"start":{"line":33,"column":4},"end":{"line":33,"column":36}},"14":{"start":{"line":39,"column":2},"end":{"line":71,"column":3}},"15":{"start":{"line":39,"column":15},"end":{"line":39,"column":16}},"16":{"start":{"line":40,"column":4},"end":{"line":70,"column":5}},"17":{"start":{"line":51,"column":10},"end":{"line":51,"column":20}},"18":{"start":{"line":54,"column":19},"end":{"line":62,"column":7}},"19":{"start":{"line":65,"column":6},"end":{"line":65,"column":64}},"20":{"start":{"line":66,"column":6},"end":{"line":66,"column":72}},"21":{"start":{"line":69,"column":6},"end":{"line":69,"column":35}},"22":{"start":{"line":83,"column":14},"end":{"line":83,"column":15}},"23":{"start":{"line":84,"column":12},"end":{"line":84,"column":31}},"24":{"start":{"line":85,"column":2},"end":{"line":89,"column":3}},"25":{"start":{"line":85,"column":15},"end":{"line":85,"column":16}},"26":{"start":{"line":86,"column":4},"end":{"line":88,"column":5}},"27":{"start":{"line":87,"column":6},"end":{"line":87,"column":17}},"28":{"start":{"line":90,"column":2},"end":{"line":90,"column":15}},"29":{"start":{"line":103,"column":14},"end":{"line":103,"column":15}},"30":{"start":{"line":104,"column":17},"end":{"line":104,"column":18}},"31":{"start":{"line":105,"column":21},"end":{"line":105,"column":25}},"32":{"start":{"line":106,"column":20},"end":{"line":106,"column":22}},"33":{"start":{"line":107,"column":12},"end":{"line":107,"column":31}},"34":{"start":{"line":109,"column":2},"end":{"line":133,"column":3}},"35":{"start":{"line":109,"column":15},"end":{"line":109,"column":16}},"36":{"start":{"line":110,"column":4},"end":{"line":121,"column":5}},"37":{"start":{"line":111,"column":6},"end":{"line":120,"column":7}},"38":{"start":{"line":112,"column":8},"end":{"line":112,"column":19}},"39":{"start":{"line":113,"column":8},"end":{"line":115,"column":9}},"40":{"start":{"line":114,"column":10},"end":{"line":114,"column":34}},"41":{"start":{"line":117,"column":8},"end":{"line":117,"column":38}},"42":{"start":{"line":118,"column":8},"end":{"line":118,"column":29}},"43":{"start":{"line":119,"column":8},"end":{"line":119,"column":21}},"44":{"start":{"line":123,"column":4},"end":{"line":132,"column":5}},"45":{"start":{"line":124,"column":6},"end":{"line":131,"column":7}},"46":{"start":{"line":125,"column":8},"end":{"line":125,"column":16}},"47":{"start":{"line":127,"column":8},"end":{"line":127,"column":35}},"48":{"start":{"line":128,"column":8},"end":{"line":128,"column":19}},"49":{"start":{"line":129,"column":8},"end":{"line":129,"column":28}},"50":{"start":{"line":130,"column":8},"end":{"line":130,"column":18}},"51":{"start":{"line":134,"column":2},"end":{"line":134,"column":21}},"52":{"start":{"line":138,"column":0},"end":{"line":140,"column":3}},"53":{"start":{"line":139,"column":2},"end":{"line":139,"column":28}},"54":{"start":{"line":143,"column":18},"end":{"line":145,"column":2}},"55":{"start":{"line":144,"column":2},"end":{"line":144,"column":17}},"56":{"start":{"line":148,"column":2},"end":{"line":148,"column":20}},"57":{"start":{"line":151,"column":0},"end":{"line":158,"column":2}}},"fnMap":{"0":{"name":"(anonymous_0)","decl":{"start":{"line":12,"column":16},"end":{"line":12,"column":17}},"loc":{"start":{"line":16,"column":5},"end":{"line":28,"column":1}},"line":16},"1":{"name":"(anonymous_1)","decl":{"start":{"line":19,"column":16},"end":{"line":19,"column":17}},"loc":{"start":{"line":19,"column":26},"end":{"line":21,"column":5}},"line":19},"2":{"name":"(anonymous_2)","decl":{"start":{"line":22,"column":15},"end":{"line":22,"column":16}},"loc":{"start":{"line":22,"column":21},"end":{"line":25,"column":5}},"line":22},"3":{"name":"preParseData","decl":{"start":{"line":31,"column":9},"end":{"line":31,"column":21}},"loc":{"start":{"line":31,"column":45},"end":{"line":35,"column":1}},"line":31},"4":{"name":"filterData","decl":{"start":{"line":38,"column":9},"end":{"line":38,"column":19}},"loc":{"start":{"line":38,"column":22},"end":{"line":72,"column":1}},"line":38},"5":{"name":"missingFields","decl":{"start":{"line":82,"column":9},"end":{"line":82,"column":22}},"loc":{"start":{"line":82,"column":29},"end":{"line":91,"column":1}},"line":82},"6":{"name":"missingDataEncoding","decl":{"start":{"line":102,"column":9},"end":{"line":102,"column":28}},"loc":{"start":{"line":102,"column":35},"end":{"line":135,"column":1}},"line":102},"7":{"name":"(anonymous_7)","decl":{"start":{"line":138,"column":17},"end":{"line":138,"column":18}},"loc":{"start":{"line":138,"column":31},"end":{"line":140,"column":1}},"line":138},"8":{"name":"(anonymous_8)","decl":{"start":{"line":143,"column":35},"end":{"line":143,"column":36}},"loc":{"start":{"line":143,"column":47},"end":{"line":145,"column":1}},"line":143},"9":{"name":"shutItDown","decl":{"start":{"line":147,"column":9},"end":{"line":147,"column":19}},"loc":{"start":{"line":147,"column":22},"end":{"line":149,"column":1}},"line":147}},"branchMap":{"0":{"loc":{"start":{"line":13,"column":2},"end":{"line":13,"column":17}},"type":"default-arg","locations":[{"start":{"line":13,"column":9},"end":{"line":13,"column":17}}],"line":13},"1":{"loc":{"start":{"line":14,"column":2},"end":{"line":14,"column":29}},"type":"default-arg","locations":[{"start":{"line":14,"column":19},"end":{"line":14,"column":29}}],"line":14},"2":{"loc":{"start":{"line":15,"column":2},"end":{"line":15,"column":15}},"type":"default-arg","locations":[{"start":{"line":15,"column":8},"end":{"line":15,"column":15}}],"line":15},"3":{"loc":{"start":{"line":31,"column":22},"end":{"line":31,"column":43}},"type":"default-arg","locations":[{"start":{"line":31,"column":36},"end":{"line":31,"column":43}}],"line":31},"4":{"loc":{"start":{"line":32,"column":2},"end":{"line":34,"column":3}},"type":"if","locations":[{"start":{"line":32,"column":2},"end":{"line":34,"column":3}},{"start":{"line":32,"column":2},"end":{"line":34,"column":3}}],"line":32},"5":{"loc":{"start":{"line":40,"column":4},"end":{"line":70,"column":5}},"type":"if","locations":[{"start":{"line":40,"column":4},"end":{"line":70,"column":5}},{"start":{"line":40,"column":4},"end":{"line":70,"column":5}}],"line":40},"6":{"loc":{"start":{"line":86,"column":4},"end":{"line":88,"column":5}},"type":"if","locations":[{"start":{"line":86,"column":4},"end":{"line":88,"column":5}},{"start":{"line":86,"column":4},"end":{"line":88,"column":5}}],"line":86},"7":{"loc":{"start":{"line":110,"column":4},"end":{"line":121,"column":5}},"type":"if","locations":[{"start":{"line":110,"column":4},"end":{"line":121,"column":5}},{"start":{"line":110,"column":4},"end":{"line":121,"column":5}}],"line":110},"8":{"loc":{"start":{"line":111,"column":6},"end":{"line":120,"column":7}},"type":"if","locations":[{"start":{"line":111,"column":6},"end":{"line":120,"column":7}},{"start":{"line":111,"column":6},"end":{"line":120,"column":7}}],"line":111},"9":{"loc":{"start":{"line":113,"column":8},"end":{"line":115,"column":9}},"type":"if","locations":[{"start":{"line":113,"column":8},"end":{"line":115,"column":9}},{"start":{"line":113,"column":8},"end":{"line":115,"column":9}}],"line":113},"10":{"loc":{"start":{"line":123,"column":4},"end":{"line":132,"column":5}},"type":"if","locations":[{"start":{"line":123,"column":4},"end":{"line":132,"column":5}},{"start":{"line":123,"column":4},"end":{"line":132,"column":5}}],"line":123},"11":{"loc":{"start":{"line":124,"column":6},"end":{"line":131,"column":7}},"type":"if","locations":[{"start":{"line":124,"column":6},"end":{"line":131,"column":7}},{"start":{"line":124,"column":6},"end":{"line":131,"column":7}}],"line":124}},"s":{"0":1,"1":1,"2":1,"3":1,"4":1,"5":1,"6":1,"7":1,"8":1,"9":1,"10":1,"11":1,"12":1,"13":1,"14":0,"15":0,"16":0,"17":0,"18":0,"19":0,"20":0,"21":0,"22":2,"23":2,"24":2,"25":2,"26":8,"27":2,"28":2,"29":2,"30":2,"31":2,"32":2,"33":2,"34":2,"35":2,"36":8,"37":7,"38":6,"39":6,"40":2,"41":1,"42":1,"43":1,"44":8,"45":2,"46":1,"47":1,"48":1,"49":1,"50":1,"51":2,"52":1,"53":0,"54":1,"55":0,"56":1,"57":1},"f":{"0":1,"1":1,"2":1,"3":1,"4":0,"5":2,"6":2,"7":0,"8":0,"9":1},"b":{"0":[0],"1":[0],"2":[0],"3":[0],"4":[1,0],"5":[0,0],"6":[2,6],"7":[7,1],"8":[6,1],"9":[2,4],"10":[2,6],"11":[1,1]},"_coverageSchema":"1a1c01bbd47fc00a2c39e90264f33305004495a9","hash":"caecfaf5f5213e99d0603dc1839284b0fccdb7e9"}
}
