TN:
SF:server.js
FN:12,(anonymous_0)
FN:19,(anonymous_1)
FN:22,(anonymous_2)
FN:31,preParseData
FN:38,filterData
FN:82,missingFields
FN:102,missingDataEncoding
FN:138,(anonymous_7)
FN:143,(anonymous_8)
FN:147,shutItDown
FNF:10
FNH:7
FNDA:1,(anonymous_0)
FNDA:1,(anonymous_1)
FNDA:1,(anonymous_2)
FNDA:1,preParseData
FNDA:0,filterData
FNDA:2,missingFields
FNDA:2,missingDataEncoding
FNDA:0,(anonymous_7)
FNDA:0,(anonymous_8)
FNDA:1,shutItDown
DA:1,1
DA:2,1
DA:4,1
DA:5,1
DA:7,1
DA:8,1
DA:9,1
DA:12,1
DA:17,1
DA:20,1
DA:24,1
DA:27,1
DA:32,1
DA:33,1
DA:39,0
DA:40,0
DA:51,0
DA:54,0
DA:65,0
DA:66,0
DA:69,0
DA:83,2
DA:84,2
DA:85,2
DA:86,8
DA:87,2
DA:90,2
DA:103,2
DA:104,2
DA:105,2
DA:106,2
DA:107,2
DA:109,2
DA:110,8
DA:111,7
DA:112,6
DA:113,6
DA:114,2
DA:117,1
DA:118,1
DA:119,1
DA:123,8
DA:124,2
DA:125,1
DA:127,1
DA:128,1
DA:129,1
DA:130,1
DA:134,2
DA:138,1
DA:139,0
DA:143,1
DA:144,0
DA:148,1
DA:151,1
LF:55
LH:46
BRDA:13,0,0,0
BRDA:14,1,0,0
BRDA:15,2,0,0
BRDA:31,3,0,0
BRDA:32,4,0,1
BRDA:32,4,1,0
BRDA:40,5,0,0
BRDA:40,5,1,0
BRDA:86,6,0,2
BRDA:86,6,1,6
BRDA:110,7,0,7
BRDA:110,7,1,1
BRDA:111,8,0,6
BRDA:111,8,1,1
BRDA:113,9,0,2
BRDA:113,9,1,4
BRDA:123,10,0,2
BRDA:123,10,1,6
BRDA:124,11,0,1
BRDA:124,11,1,1
BRF:20
BRH:13
end_of_record
